Created by PLY version 3.11 (http://www.dabeaz.com/ply)

Grammar

Rule 0     S' -> resultado
Rule 1     resultado -> s
Rule 2     resultado -> ID ASIGN s
Rule 3     s -> N
Rule 4     s -> ID
Rule 5     s -> ADD ID N
Rule 6     s -> SET ID N
Rule 7     s -> GOAL N
Rule 8     s -> REPORT

Terminals, with rules where they appear

ADD                  : 5
ASIGN                : 2
GOAL                 : 7
ID                   : 2 4 5 6
N                    : 3 5 6 7
REPORT               : 8
SET                  : 6
error                : 

Nonterminals, with rules where they appear

resultado            : 0
s                    : 1 2

Parsing method: LALR

state 0

    (0) S' -> . resultado
    (1) resultado -> . s
    (2) resultado -> . ID ASIGN s
    (3) s -> . N
    (4) s -> . ID
    (5) s -> . ADD ID N
    (6) s -> . SET ID N
    (7) s -> . GOAL N
    (8) s -> . REPORT

    ID              shift and go to state 3
    N               shift and go to state 4
    ADD             shift and go to state 5
    SET             shift and go to state 6
    GOAL            shift and go to state 7
    REPORT          shift and go to state 8

    resultado                      shift and go to state 1
    s                              shift and go to state 2

state 1

    (0) S' -> resultado .



state 2

    (1) resultado -> s .

    $end            reduce using rule 1 (resultado -> s .)


state 3

    (2) resultado -> ID . ASIGN s
    (4) s -> ID .

    ASIGN           shift and go to state 9
    $end            reduce using rule 4 (s -> ID .)


state 4

    (3) s -> N .

    $end            reduce using rule 3 (s -> N .)


state 5

    (5) s -> ADD . ID N

    ID              shift and go to state 10


state 6

    (6) s -> SET . ID N

    ID              shift and go to state 11


state 7

    (7) s -> GOAL . N

    N               shift and go to state 12


state 8

    (8) s -> REPORT .

    $end            reduce using rule 8 (s -> REPORT .)


state 9

    (2) resultado -> ID ASIGN . s
    (3) s -> . N
    (4) s -> . ID
    (5) s -> . ADD ID N
    (6) s -> . SET ID N
    (7) s -> . GOAL N
    (8) s -> . REPORT

    N               shift and go to state 4
    ID              shift and go to state 13
    ADD             shift and go to state 5
    SET             shift and go to state 6
    GOAL            shift and go to state 7
    REPORT          shift and go to state 8

    s                              shift and go to state 14

state 10

    (5) s -> ADD ID . N

    N               shift and go to state 15


state 11

    (6) s -> SET ID . N

    N               shift and go to state 16


state 12

    (7) s -> GOAL N .

    $end            reduce using rule 7 (s -> GOAL N .)


state 13

    (4) s -> ID .

    $end            reduce using rule 4 (s -> ID .)


state 14

    (2) resultado -> ID ASIGN s .

    $end            reduce using rule 2 (resultado -> ID ASIGN s .)


state 15

    (5) s -> ADD ID N .

    $end            reduce using rule 5 (s -> ADD ID N .)


state 16

    (6) s -> SET ID N .

    $end            reduce using rule 6 (s -> SET ID N .)

